<?xml version="1.0" encoding="UTF-8"?>
<!-- Generated by org.testng.reporters.JUnitReportReporter -->
<testsuite hostname="DESKTOP-68T5K8D" failures="0" tests="1" name="pageObjects.homePage" time="4.083" errors="0" timestamp="2024-03-11T11:11:57 IST" skipped="0">
  <testcase classname="pageObjects.homePage" name="openPage" time="4.083"/>
  <system-out/>
</testsuite> <!-- pageObjects.homePage -->
