<?xml version="1.0" encoding="UTF-8"?>
<!-- Generated by org.testng.reporters.JUnitReportReporter -->
<testsuite hostname="DESKTOP-68T5K8D" failures="0" tests="1" name="PAF.AutomationWebFramework.liveLink" time="12.770" errors="0" timestamp="2024-03-11T10:31:24 IST" skipped="0">
  <testcase classname="PAF.AutomationWebFramework.liveLink" name="liveLink" time="12.770"/>
</testsuite> <!-- PAF.AutomationWebFramework.liveLink -->
